0 info it worked if it ends with ok
1 verbose cli [ '/usr/local/bin/node', '/usr/local/bin/npm', 'run', 'start' ]
2 info using npm@4.1.2
3 info using node@v7.7.4
4 verbose run-script [ 'prestart', 'start', 'poststart' ]
5 info lifecycle chrome-extension-webpack@0.0.1~prestart: chrome-extension-webpack@0.0.1
6 silly lifecycle chrome-extension-webpack@0.0.1~prestart: no script for prestart, continuing
7 info lifecycle chrome-extension-webpack@0.0.1~start: chrome-extension-webpack@0.0.1
8 verbose lifecycle chrome-extension-webpack@0.0.1~start: unsafe-perm in lifecycle true
9 verbose lifecycle chrome-extension-webpack@0.0.1~start: PATH: /usr/local/lib/node_modules/npm/bin/node-gyp-bin:/home/teles/dev/galileo-seo-assistant/node_modules/.bin:/home/teles/bin:./bin/:./sbin/:./games/:../bin/:../sbin/:/home/teles/bin:/usr/local/sbin:/usr/local/bin:/usr/sbin:/usr/bin:/sbin:/bin:/usr/games:/usr/local/games:/snap/bin:/snap/bin
10 verbose lifecycle chrome-extension-webpack@0.0.1~start: CWD: /home/teles/dev/galileo-seo-assistant
11 silly lifecycle chrome-extension-webpack@0.0.1~start: Args: [ '-c', 'node utils/webserver.js' ]
12 silly lifecycle chrome-extension-webpack@0.0.1~start: Returned: code: 1  signal: null
13 info lifecycle chrome-extension-webpack@0.0.1~start: Failed to exec start script
14 verbose stack Error: chrome-extension-webpack@0.0.1 start: `node utils/webserver.js`
14 verbose stack Exit status 1
14 verbose stack     at EventEmitter.<anonymous> (/usr/local/lib/node_modules/npm/lib/utils/lifecycle.js:279:16)
14 verbose stack     at emitTwo (events.js:106:13)
14 verbose stack     at EventEmitter.emit (events.js:194:7)
14 verbose stack     at ChildProcess.<anonymous> (/usr/local/lib/node_modules/npm/lib/utils/spawn.js:40:14)
14 verbose stack     at emitTwo (events.js:106:13)
14 verbose stack     at ChildProcess.emit (events.js:194:7)
14 verbose stack     at maybeClose (internal/child_process.js:899:16)
14 verbose stack     at Process.ChildProcess._handle.onexit (internal/child_process.js:226:5)
15 verbose pkgid chrome-extension-webpack@0.0.1
16 verbose cwd /home/teles/dev/galileo-seo-assistant
17 error Linux 4.4.0-116-generic
18 error argv "/usr/local/bin/node" "/usr/local/bin/npm" "run" "start"
19 error node v7.7.4
20 error npm  v4.1.2
21 error code ELIFECYCLE
22 error chrome-extension-webpack@0.0.1 start: `node utils/webserver.js`
22 error Exit status 1
23 error Failed at the chrome-extension-webpack@0.0.1 start script 'node utils/webserver.js'.
23 error Make sure you have the latest version of node.js and npm installed.
23 error If you do, this is most likely a problem with the chrome-extension-webpack package,
23 error not with npm itself.
23 error Tell the author that this fails on your system:
23 error     node utils/webserver.js
23 error You can get information on how to open an issue for this project with:
23 error     npm bugs chrome-extension-webpack
23 error Or if that isn't available, you can get their info via:
23 error     npm owner ls chrome-extension-webpack
23 error There is likely additional logging output above.
24 verbose exit [ 1, true ]
